<!DOCTYPE html PUBLIC "-//W3C//DTD XHTML 1.1//EN" "https://www.w3.org/TR/xhtml11/DTD/xhtml11.dtd">
<html xmlns="https://www.w3.org/1999/xhtml">
<head>
<meta http-equiv="content-type" content="text/html; charset=UTF-8"/>
<title>TestNG Report</title>
<style type="text/css">table {margin-bottom:10px;border-collapse:collapse;empty-cells:show}th,td {border:1px solid #009;padding:.25em .5em}th {vertical-align:bottom}td {vertical-align:top}table a {font-weight:bold}.stripe td {background-color: #E6EBF9}.num {text-align:right}.passedodd td {background-color: #3F3}.passedeven td {background-color: #0A0}.skippedodd td {background-color: #DDD}.skippedeven td {background-color: #CCC}.failedodd td,.attn {background-color: #F33}.failedeven td,.stripe .attn {background-color: #D00}.stacktrace {white-space:pre;font-family:monospace}.totop {font-size:85%;text-align:center;border-bottom:2px solid #000}.invisible {display:none}</style>
</head>
<body>
<table>
<tr><th>Test</th><th># Passed</th><th># Skipped</th><th># Retried</th><th># Failed</th><th>Time (ms)</th><th>Included Groups</th><th>Excluded Groups</th></tr>
<tr><th colspan="8">Surefire suite</th></tr>
<tr><td><a href="#t0">Surefire test</a></td><td class="num">38</td><td class="num">0</td><td class="num">0</td><td class="num attn">33</td><td class="num">14,749</td><td></td><td></td></tr>
</table>
<table id='summary'><thead><tr><th>Class</th><th>Method</th><th>Start</th><th>Time (ms)</th></tr></thead><tbody><tr><th colspan="4">Surefire suite</th></tr></tbody><tbody id="t0"><tr><th colspan="4">Surefire test &#8212; failed</th></tr><tr class="failedeven"><td rowspan="2">com.revature.postValidationTests</td><td><a href="#m0">testCorrectLength</a></td><td rowspan="1">1656531740981</td><td rowspan="1">0</td></tr><tr class="failedeven"><td><a href="#m1">testIncorrectLength</a></td><td rowspan="1">1656531741001</td><td rowspan="1">0</td></tr><tr class="failedodd"><td rowspan="31">com.revature.userValidationTests</td><td><a href="#m2">testIncorrectFirstname</a></td><td rowspan="8">1656531755620</td><td rowspan="8">0</td></tr><tr class="failedodd"><td><a href="#m3">testIncorrectFirstname</a></td></tr><tr class="failedodd"><td><a href="#m4">testIncorrectFirstname</a></td></tr><tr class="failedodd"><td><a href="#m5">testIncorrectFirstname</a></td></tr><tr class="failedodd"><td><a href="#m6">testIncorrectFirstname</a></td></tr><tr class="failedodd"><td><a href="#m7">testIncorrectFirstname</a></td></tr><tr class="failedodd"><td><a href="#m8">testIncorrectFirstname</a></td></tr><tr class="failedodd"><td><a href="#m9">testIncorrectFirstname</a></td></tr><tr class="failedodd"><td><a href="#m10">testIncorrectLastname</a></td><td rowspan="8">1656531755630</td><td rowspan="8">0</td></tr><tr class="failedodd"><td><a href="#m11">testIncorrectLastname</a></td></tr><tr class="failedodd"><td><a href="#m12">testIncorrectLastname</a></td></tr><tr class="failedodd"><td><a href="#m13">testIncorrectLastname</a></td></tr><tr class="failedodd"><td><a href="#m14">testIncorrectLastname</a></td></tr><tr class="failedodd"><td><a href="#m15">testIncorrectLastname</a></td></tr><tr class="failedodd"><td><a href="#m16">testIncorrectLastname</a></td></tr><tr class="failedodd"><td><a href="#m17">testIncorrectLastname</a></td></tr><tr class="failedodd"><td><a href="#m18">testIncorrectPassword</a></td><td rowspan="8">1656531755650</td><td rowspan="8">0</td></tr><tr class="failedodd"><td><a href="#m19">testIncorrectPassword</a></td></tr><tr class="failedodd"><td><a href="#m20">testIncorrectPassword</a></td></tr><tr class="failedodd"><td><a href="#m21">testIncorrectPassword</a></td></tr><tr class="failedodd"><td><a href="#m22">testIncorrectPassword</a></td></tr><tr class="failedodd"><td><a href="#m23">testIncorrectPassword</a></td></tr><tr class="failedodd"><td><a href="#m24">testIncorrectPassword</a></td></tr><tr class="failedodd"><td><a href="#m25">testIncorrectPassword</a></td></tr><tr class="failedodd"><td><a href="#m26">testIncorrectUsername</a></td><td rowspan="7">1656531755660</td><td rowspan="7">0</td></tr><tr class="failedodd"><td><a href="#m27">testIncorrectUsername</a></td></tr><tr class="failedodd"><td><a href="#m28">testIncorrectUsername</a></td></tr><tr class="failedodd"><td><a href="#m29">testIncorrectUsername</a></td></tr><tr class="failedodd"><td><a href="#m30">testIncorrectUsername</a></td></tr><tr class="failedodd"><td><a href="#m31">testIncorrectUsername</a></td></tr><tr class="failedodd"><td><a href="#m32">testIncorrectUsername</a></td></tr><tr><th colspan="4">Surefire test &#8212; passed</th></tr><tr class="passedeven"><td rowspan="1">com.revature.TestRunner</td><td><a href="#m33">runScenario</a></td><td rowspan="1">1656531742136</td><td rowspan="1">13321</td></tr><tr class="passedodd"><td rowspan="1">com.revature.daoTests</td><td><a href="#m34">test_select_by_id</a></td><td rowspan="1">1656531740961</td><td rowspan="1">10</td></tr><tr class="passedeven"><td rowspan="36">com.revature.userValidationTests</td><td><a href="#m35">testCorrectFirstname</a></td><td rowspan="8">1656531755557</td><td rowspan="8">0</td></tr><tr class="passedeven"><td><a href="#m36">testCorrectFirstname</a></td></tr><tr class="passedeven"><td><a href="#m37">testCorrectFirstname</a></td></tr><tr class="passedeven"><td><a href="#m38">testCorrectFirstname</a></td></tr><tr class="passedeven"><td><a href="#m39">testCorrectFirstname</a></td></tr><tr class="passedeven"><td><a href="#m40">testCorrectFirstname</a></td></tr><tr class="passedeven"><td><a href="#m41">testCorrectFirstname</a></td></tr><tr class="passedeven"><td><a href="#m42">testCorrectFirstname</a></td></tr><tr class="passedeven"><td><a href="#m43">testCorrectLastname</a></td><td rowspan="8">1656531755567</td><td rowspan="8">0</td></tr><tr class="passedeven"><td><a href="#m44">testCorrectLastname</a></td></tr><tr class="passedeven"><td><a href="#m45">testCorrectLastname</a></td></tr><tr class="passedeven"><td><a href="#m46">testCorrectLastname</a></td></tr><tr class="passedeven"><td><a href="#m47">testCorrectLastname</a></td></tr><tr class="passedeven"><td><a href="#m48">testCorrectLastname</a></td></tr><tr class="passedeven"><td><a href="#m49">testCorrectLastname</a></td></tr><tr class="passedeven"><td><a href="#m50">testCorrectLastname</a></td></tr><tr class="passedeven"><td><a href="#m51">testCorrectPassword</a></td><td rowspan="4">1656531755597</td><td rowspan="4">0</td></tr><tr class="passedeven"><td><a href="#m52">testCorrectPassword</a></td></tr><tr class="passedeven"><td><a href="#m53">testCorrectPassword</a></td></tr><tr class="passedeven"><td><a href="#m54">testCorrectPassword</a></td></tr><tr class="passedeven"><td><a href="#m55">testCorrectPhone</a></td><td rowspan="4">1656531755597</td><td rowspan="4">0</td></tr><tr class="passedeven"><td><a href="#m56">testCorrectPhone</a></td></tr><tr class="passedeven"><td><a href="#m57">testCorrectPhone</a></td></tr><tr class="passedeven"><td><a href="#m58">testCorrectPhone</a></td></tr><tr class="passedeven"><td><a href="#m59">testCorrectUsername</a></td><td rowspan="4">1656531755607</td><td rowspan="4">0</td></tr><tr class="passedeven"><td><a href="#m60">testCorrectUsername</a></td></tr><tr class="passedeven"><td><a href="#m61">testCorrectUsername</a></td></tr><tr class="passedeven"><td><a href="#m62">testCorrectUsername</a></td></tr><tr class="passedeven"><td><a href="#m63">testIncorrectPhone</a></td><td rowspan="8">1656531755650</td><td rowspan="8">0</td></tr><tr class="passedeven"><td><a href="#m64">testIncorrectPhone</a></td></tr><tr class="passedeven"><td><a href="#m65">testIncorrectPhone</a></td></tr><tr class="passedeven"><td><a href="#m66">testIncorrectPhone</a></td></tr><tr class="passedeven"><td><a href="#m67">testIncorrectPhone</a></td></tr><tr class="passedeven"><td><a href="#m68">testIncorrectPhone</a></td></tr><tr class="passedeven"><td><a href="#m69">testIncorrectPhone</a></td></tr><tr class="passedeven"><td><a href="#m70">testIncorrectPhone</a></td></tr></tbody>
</table>
<h2>Surefire test</h2><h3 id="m0">com.revature.postValidationTests#testCorrectLength</h3><table class="result"><tr><th>Exception</th></tr><tr><td><div class="stacktrace">org.testng.TestNGException: 
Found two providers called &apos;test-postlength-correct&apos; on class com.revature.dpClass
	at java.util.ArrayList.forEach(ArrayList.java:1259)
... Removed 30 stack frames</div></td></tr></table><p class="totop"><a href="#summary">back to summary</a></p>
<h3 id="m1">com.revature.postValidationTests#testIncorrectLength</h3><table class="result"><tr><th>Exception</th></tr><tr><td><div class="stacktrace">org.testng.TestNGException: 
Method public void com.revature.postValidationTests.testIncorrectLength(java.lang.String) requires a @DataProvider named : test-postlength-incorrect in class com.revature.dpClass
	at java.util.ArrayList.forEach(ArrayList.java:1259)
... Removed 29 stack frames</div></td></tr></table><p class="totop"><a href="#summary">back to summary</a></p>
<h3 id="m2">com.revature.userValidationTests#testIncorrectFirstname</h3><table class="result"><tr class="param"><th>Parameter #1</th></tr><tr class="param stripe"><td>1</td></tr><tr><th>Exception</th></tr><tr><td><div class="stacktrace">java.lang.AssertionError: expected [false] but found [true]
	at com.revature.userValidationTests.testIncorrectFirstname(userValidationTests.java:37)
	at java.util.ArrayList.forEach(ArrayList.java:1259)
... Removed 36 stack frames</div></td></tr></table><p class="totop"><a href="#summary">back to summary</a></p>
<h3 id="m3">com.revature.userValidationTests#testIncorrectFirstname</h3><table class="result"><tr class="param"><th>Parameter #1</th></tr><tr class="param stripe"><td>b</td></tr><tr><th>Exception</th></tr><tr><td><div class="stacktrace">java.lang.AssertionError: expected [false] but found [true]
	at com.revature.userValidationTests.testIncorrectFirstname(userValidationTests.java:37)
	at java.util.ArrayList.forEach(ArrayList.java:1259)
... Removed 36 stack frames</div></td></tr></table><p class="totop"><a href="#summary">back to summary</a></p>
<h3 id="m4">com.revature.userValidationTests#testIncorrectFirstname</h3><table class="result"><tr class="param"><th>Parameter #1</th></tr><tr class="param stripe"><td>{john}</td></tr><tr><th>Exception</th></tr><tr><td><div class="stacktrace">java.lang.AssertionError: expected [false] but found [true]
	at com.revature.userValidationTests.testIncorrectFirstname(userValidationTests.java:37)
	at java.util.ArrayList.forEach(ArrayList.java:1259)
... Removed 36 stack frames</div></td></tr></table><p class="totop"><a href="#summary">back to summary</a></p>
<h3 id="m5">com.revature.userValidationTests#testIncorrectFirstname</h3><table class="result"><tr class="param"><th>Parameter #1</th></tr><tr class="param stripe"><td>(((((((john)))))))</td></tr><tr><th>Exception</th></tr><tr><td><div class="stacktrace">java.lang.AssertionError: expected [false] but found [true]
	at com.revature.userValidationTests.testIncorrectFirstname(userValidationTests.java:37)
	at java.util.ArrayList.forEach(ArrayList.java:1259)
... Removed 36 stack frames</div></td></tr></table><p class="totop"><a href="#summary">back to summary</a></p>
<h3 id="m6">com.revature.userValidationTests#testIncorrectFirstname</h3><table class="result"><tr class="param"><th>Parameter #1</th></tr><tr class="param stripe"><td>a</td></tr><tr><th>Exception</th></tr><tr><td><div class="stacktrace">java.lang.AssertionError: expected [false] but found [true]
	at com.revature.userValidationTests.testIncorrectFirstname(userValidationTests.java:37)
	at java.util.ArrayList.forEach(ArrayList.java:1259)
... Removed 36 stack frames</div></td></tr></table><p class="totop"><a href="#summary">back to summary</a></p>
<h3 id="m7">com.revature.userValidationTests#testIncorrectFirstname</h3><table class="result"><tr class="param"><th>Parameter #1</th></tr><tr class="param stripe"><td>lasdjkfhadskljfhalskjfhlakdf</td></tr><tr><th>Exception</th></tr><tr><td><div class="stacktrace">java.lang.AssertionError: expected [false] but found [true]
	at com.revature.userValidationTests.testIncorrectFirstname(userValidationTests.java:37)
	at java.util.ArrayList.forEach(ArrayList.java:1259)
... Removed 36 stack frames</div></td></tr></table><p class="totop"><a href="#summary">back to summary</a></p>
<h3 id="m8">com.revature.userValidationTests#testIncorrectFirstname</h3><table class="result"><tr class="param"><th>Parameter #1</th></tr><tr class="param stripe"><td>emda/llaskd</td></tr><tr><th>Exception</th></tr><tr><td><div class="stacktrace">java.lang.AssertionError: expected [false] but found [true]
	at com.revature.userValidationTests.testIncorrectFirstname(userValidationTests.java:37)
	at java.util.ArrayList.forEach(ArrayList.java:1259)
... Removed 36 stack frames</div></td></tr></table><p class="totop"><a href="#summary">back to summary</a></p>
<h3 id="m9">com.revature.userValidationTests#testIncorrectFirstname</h3><table class="result"><tr class="param"><th>Parameter #1</th></tr><tr class="param stripe"><td>123</td></tr><tr><th>Exception</th></tr><tr><td><div class="stacktrace">java.lang.AssertionError: expected [false] but found [true]
	at com.revature.userValidationTests.testIncorrectFirstname(userValidationTests.java:37)
	at java.util.ArrayList.forEach(ArrayList.java:1259)
... Removed 36 stack frames</div></td></tr></table><p class="totop"><a href="#summary">back to summary</a></p>
<h3 id="m10">com.revature.userValidationTests#testIncorrectLastname</h3><table class="result"><tr class="param"><th>Parameter #1</th></tr><tr class="param stripe"><td>(((((((john)))))))</td></tr><tr><th>Exception</th></tr><tr><td><div class="stacktrace">java.lang.AssertionError: expected [false] but found [true]
	at com.revature.userValidationTests.testIncorrectLastname(userValidationTests.java:45)
	at java.util.ArrayList.forEach(ArrayList.java:1259)
... Removed 36 stack frames</div></td></tr></table><p class="totop"><a href="#summary">back to summary</a></p>
<h3 id="m11">com.revature.userValidationTests#testIncorrectLastname</h3><table class="result"><tr class="param"><th>Parameter #1</th></tr><tr class="param stripe"><td>emda/llaskd</td></tr><tr><th>Exception</th></tr><tr><td><div class="stacktrace">java.lang.AssertionError: expected [false] but found [true]
	at com.revature.userValidationTests.testIncorrectLastname(userValidationTests.java:45)
	at java.util.ArrayList.forEach(ArrayList.java:1259)
... Removed 36 stack frames</div></td></tr></table><p class="totop"><a href="#summary">back to summary</a></p>
<h3 id="m12">com.revature.userValidationTests#testIncorrectLastname</h3><table class="result"><tr class="param"><th>Parameter #1</th></tr><tr class="param stripe"><td>{john}</td></tr><tr><th>Exception</th></tr><tr><td><div class="stacktrace">java.lang.AssertionError: expected [false] but found [true]
	at com.revature.userValidationTests.testIncorrectLastname(userValidationTests.java:45)
	at java.util.ArrayList.forEach(ArrayList.java:1259)
... Removed 36 stack frames</div></td></tr></table><p class="totop"><a href="#summary">back to summary</a></p>
<h3 id="m13">com.revature.userValidationTests#testIncorrectLastname</h3><table class="result"><tr class="param"><th>Parameter #1</th></tr><tr class="param stripe"><td>a</td></tr><tr><th>Exception</th></tr><tr><td><div class="stacktrace">java.lang.AssertionError: expected [false] but found [true]
	at com.revature.userValidationTests.testIncorrectLastname(userValidationTests.java:45)
	at java.util.ArrayList.forEach(ArrayList.java:1259)
... Removed 36 stack frames</div></td></tr></table><p class="totop"><a href="#summary">back to summary</a></p>
<h3 id="m14">com.revature.userValidationTests#testIncorrectLastname</h3><table class="result"><tr class="param"><th>Parameter #1</th></tr><tr class="param stripe"><td>lasdjkfhadskljfhalskjfhlakdf</td></tr><tr><th>Exception</th></tr><tr><td><div class="stacktrace">java.lang.AssertionError: expected [false] but found [true]
	at com.revature.userValidationTests.testIncorrectLastname(userValidationTests.java:45)
	at java.util.ArrayList.forEach(ArrayList.java:1259)
... Removed 36 stack frames</div></td></tr></table><p class="totop"><a href="#summary">back to summary</a></p>
<h3 id="m15">com.revature.userValidationTests#testIncorrectLastname</h3><table class="result"><tr class="param"><th>Parameter #1</th></tr><tr class="param stripe"><td>1</td></tr><tr><th>Exception</th></tr><tr><td><div class="stacktrace">java.lang.AssertionError: expected [false] but found [true]
	at com.revature.userValidationTests.testIncorrectLastname(userValidationTests.java:45)
	at java.util.ArrayList.forEach(ArrayList.java:1259)
... Removed 36 stack frames</div></td></tr></table><p class="totop"><a href="#summary">back to summary</a></p>
<h3 id="m16">com.revature.userValidationTests#testIncorrectLastname</h3><table class="result"><tr class="param"><th>Parameter #1</th></tr><tr class="param stripe"><td>123</td></tr><tr><th>Exception</th></tr><tr><td><div class="stacktrace">java.lang.AssertionError: expected [false] but found [true]
	at com.revature.userValidationTests.testIncorrectLastname(userValidationTests.java:45)
	at java.util.ArrayList.forEach(ArrayList.java:1259)
... Removed 36 stack frames</div></td></tr></table><p class="totop"><a href="#summary">back to summary</a></p>
<h3 id="m17">com.revature.userValidationTests#testIncorrectLastname</h3><table class="result"><tr class="param"><th>Parameter #1</th></tr><tr class="param stripe"><td>b</td></tr><tr><th>Exception</th></tr><tr><td><div class="stacktrace">java.lang.AssertionError: expected [false] but found [true]
	at com.revature.userValidationTests.testIncorrectLastname(userValidationTests.java:45)
	at java.util.ArrayList.forEach(ArrayList.java:1259)
... Removed 36 stack frames</div></td></tr></table><p class="totop"><a href="#summary">back to summary</a></p>
<h3 id="m18">com.revature.userValidationTests#testIncorrectPassword</h3><table class="result"><tr class="param"><th>Parameter #1</th></tr><tr class="param stripe"><td>11</td></tr><tr><th>Exception</th></tr><tr><td><div class="stacktrace">java.lang.AssertionError: expected [false] but found [true]
	at com.revature.userValidationTests.testIncorrectPassword(userValidationTests.java:29)
	at java.util.ArrayList.forEach(ArrayList.java:1259)
... Removed 36 stack frames</div></td></tr></table><p class="totop"><a href="#summary">back to summary</a></p>
<h3 id="m19">com.revature.userValidationTests#testIncorrectPassword</h3><table class="result"><tr class="param"><th>Parameter #1</th></tr><tr class="param stripe"><td>pa,ssword12#3</td></tr><tr><th>Exception</th></tr><tr><td><div class="stacktrace">java.lang.AssertionError: expected [false] but found [true]
	at com.revature.userValidationTests.testIncorrectPassword(userValidationTests.java:29)
	at java.util.ArrayList.forEach(ArrayList.java:1259)
... Removed 36 stack frames</div></td></tr></table><p class="totop"><a href="#summary">back to summary</a></p>
<h3 id="m20">com.revature.userValidationTests#testIncorrectPassword</h3><table class="result"><tr class="param"><th>Parameter #1</th></tr><tr class="param stripe"><td>i</td></tr><tr><th>Exception</th></tr><tr><td><div class="stacktrace">java.lang.AssertionError: expected [false] but found [true]
	at com.revature.userValidationTests.testIncorrectPassword(userValidationTests.java:29)
	at java.util.ArrayList.forEach(ArrayList.java:1259)
... Removed 36 stack frames</div></td></tr></table><p class="totop"><a href="#summary">back to summary</a></p>
<h3 id="m21">com.revature.userValidationTests#testIncorrectPassword</h3><table class="result"><tr class="param"><th>Parameter #1</th></tr><tr class="param stripe"><td>password---</td></tr><tr><th>Exception</th></tr><tr><td><div class="stacktrace">java.lang.AssertionError: expected [false] but found [true]
	at com.revature.userValidationTests.testIncorrectPassword(userValidationTests.java:29)
	at java.util.ArrayList.forEach(ArrayList.java:1259)
... Removed 36 stack frames</div></td></tr></table><p class="totop"><a href="#summary">back to summary</a></p>
<h3 id="m22">com.revature.userValidationTests#testIncorrectPassword</h3><table class="result"><tr class="param"><th>Parameter #1</th></tr><tr class="param stripe"><td>iamapas,,sword</td></tr><tr><th>Exception</th></tr><tr><td><div class="stacktrace">java.lang.AssertionError: expected [false] but found [true]
	at com.revature.userValidationTests.testIncorrectPassword(userValidationTests.java:29)
	at java.util.ArrayList.forEach(ArrayList.java:1259)
... Removed 36 stack frames</div></td></tr></table><p class="totop"><a href="#summary">back to summary</a></p>
<h3 id="m23">com.revature.userValidationTests#testIncorrectPassword</h3><table class="result"><tr class="param"><th>Parameter #1</th></tr><tr class="param stripe"><td>aaaaaaaaaaaaaaaaaaaaaaaaaaaaaa</td></tr><tr><th>Exception</th></tr><tr><td><div class="stacktrace">java.lang.AssertionError: expected [false] but found [true]
	at com.revature.userValidationTests.testIncorrectPassword(userValidationTests.java:29)
	at java.util.ArrayList.forEach(ArrayList.java:1259)
... Removed 36 stack frames</div></td></tr></table><p class="totop"><a href="#summary">back to summary</a></p>
<h3 id="m24">com.revature.userValidationTests#testIncorrectPassword</h3><table class="result"><tr class="param"><th>Parameter #1</th></tr><tr class="param stripe"><td>[][]]</td></tr><tr><th>Exception</th></tr><tr><td><div class="stacktrace">java.lang.AssertionError: expected [false] but found [true]
	at com.revature.userValidationTests.testIncorrectPassword(userValidationTests.java:29)
	at java.util.ArrayList.forEach(ArrayList.java:1259)
... Removed 36 stack frames</div></td></tr></table><p class="totop"><a href="#summary">back to summary</a></p>
<h3 id="m25">com.revature.userValidationTests#testIncorrectPassword</h3><table class="result"><tr class="param"><th>Parameter #1</th></tr><tr class="param stripe"><td>i</td></tr><tr><th>Exception</th></tr><tr><td><div class="stacktrace">java.lang.AssertionError: expected [false] but found [true]
	at com.revature.userValidationTests.testIncorrectPassword(userValidationTests.java:29)
	at java.util.ArrayList.forEach(ArrayList.java:1259)
... Removed 36 stack frames</div></td></tr></table><p class="totop"><a href="#summary">back to summary</a></p>
<h3 id="m26">com.revature.userValidationTests#testIncorrectUsername</h3><table class="result"><tr class="param"><th>Parameter #1</th></tr><tr class="param stripe"><td>ab</td></tr><tr><th>Exception</th></tr><tr><td><div class="stacktrace">java.lang.AssertionError: expected [false] but found [true]
	at com.revature.userValidationTests.testIncorrectUsername(userValidationTests.java:21)
	at java.util.ArrayList.forEach(ArrayList.java:1259)
... Removed 36 stack frames</div></td></tr></table><p class="totop"><a href="#summary">back to summary</a></p>
<h3 id="m27">com.revature.userValidationTests#testIncorrectUsername</h3><table class="result"><tr class="param"><th>Parameter #1</th></tr><tr class="param stripe"><td>-09-09../.,</td></tr><tr><th>Exception</th></tr><tr><td><div class="stacktrace">java.lang.AssertionError: expected [false] but found [true]
	at com.revature.userValidationTests.testIncorrectUsername(userValidationTests.java:21)
	at java.util.ArrayList.forEach(ArrayList.java:1259)
... Removed 36 stack frames</div></td></tr></table><p class="totop"><a href="#summary">back to summary</a></p>
<h3 id="m28">com.revature.userValidationTests#testIncorrectUsername</h3><table class="result"><tr class="param"><th>Parameter #1</th></tr><tr class="param stripe"><td>123456789012345</td></tr><tr><th>Exception</th></tr><tr><td><div class="stacktrace">java.lang.AssertionError: expected [false] but found [true]
	at com.revature.userValidationTests.testIncorrectUsername(userValidationTests.java:21)
	at java.util.ArrayList.forEach(ArrayList.java:1259)
... Removed 36 stack frames</div></td></tr></table><p class="totop"><a href="#summary">back to summary</a></p>
<h3 id="m29">com.revature.userValidationTests#testIncorrectUsername</h3><table class="result"><tr class="param"><th>Parameter #1</th></tr><tr class="param stripe"><td>1</td></tr><tr><th>Exception</th></tr><tr><td><div class="stacktrace">java.lang.AssertionError: expected [false] but found [true]
	at com.revature.userValidationTests.testIncorrectUsername(userValidationTests.java:21)
	at java.util.ArrayList.forEach(ArrayList.java:1259)
... Removed 36 stack frames</div></td></tr></table><p class="totop"><a href="#summary">back to summary</a></p>
<h3 id="m30">com.revature.userValidationTests#testIncorrectUsername</h3><table class="result"><tr class="param"><th>Parameter #1</th></tr><tr class="param stripe"><td>apple#</td></tr><tr><th>Exception</th></tr><tr><td><div class="stacktrace">java.lang.AssertionError: expected [false] but found [true]
	at com.revature.userValidationTests.testIncorrectUsername(userValidationTests.java:21)
	at java.util.ArrayList.forEach(ArrayList.java:1259)
... Removed 36 stack frames</div></td></tr></table><p class="totop"><a href="#summary">back to summary</a></p>
<h3 id="m31">com.revature.userValidationTests#testIncorrectUsername</h3><table class="result"><tr class="param"><th>Parameter #1</th></tr><tr class="param stripe"><td>a</td></tr><tr><th>Exception</th></tr><tr><td><div class="stacktrace">java.lang.AssertionError: expected [false] but found [true]
	at com.revature.userValidationTests.testIncorrectUsername(userValidationTests.java:21)
	at java.util.ArrayList.forEach(ArrayList.java:1259)
... Removed 36 stack frames</div></td></tr></table><p class="totop"><a href="#summary">back to summary</a></p>
<h3 id="m32">com.revature.userValidationTests#testIncorrectUsername</h3><table class="result"><tr class="param"><th>Parameter #1</th></tr><tr class="param stripe"><td>++++++++</td></tr><tr><th>Exception</th></tr><tr><td><div class="stacktrace">java.lang.AssertionError: expected [false] but found [true]
	at com.revature.userValidationTests.testIncorrectUsername(userValidationTests.java:21)
	at java.util.ArrayList.forEach(ArrayList.java:1259)
... Removed 36 stack frames</div></td></tr></table><p class="totop"><a href="#summary">back to summary</a></p>
<h3 id="m33">com.revature.TestRunner#runScenario</h3><table class="result"><tr class="param"><th>Parameter #1</th><th>Parameter #2</th></tr><tr class="param stripe"><td>&quot;A user enters the correct credentials&quot;</td><td>&quot;Test Login Functionality&quot;</td></tr></table><p class="totop"><a href="#summary">back to summary</a></p>
<h3 id="m34">com.revature.daoTests#test_select_by_id</h3><table class="result"><tr><th class="invisible"/></tr></table><p class="totop"><a href="#summary">back to summary</a></p>
<h3 id="m35">com.revature.userValidationTests#testCorrectFirstname</h3><table class="result"><tr class="param"><th>Parameter #1</th></tr><tr class="param stripe"><td>joe</td></tr></table><p class="totop"><a href="#summary">back to summary</a></p>
<h3 id="m36">com.revature.userValidationTests#testCorrectFirstname</h3><table class="result"><tr class="param"><th>Parameter #1</th></tr><tr class="param stripe"><td>omar</td></tr></table><p class="totop"><a href="#summary">back to summary</a></p>
<h3 id="m37">com.revature.userValidationTests#testCorrectFirstname</h3><table class="result"><tr class="param"><th>Parameter #1</th></tr><tr class="param stripe"><td>modesto</td></tr></table><p class="totop"><a href="#summary">back to summary</a></p>
<h3 id="m38">com.revature.userValidationTests#testCorrectFirstname</h3><table class="result"><tr class="param"><th>Parameter #1</th></tr><tr class="param stripe"><td>bbbbbbbb</td></tr></table><p class="totop"><a href="#summary">back to summary</a></p>
<h3 id="m39">com.revature.userValidationTests#testCorrectFirstname</h3><table class="result"><tr class="param"><th>Parameter #1</th></tr><tr class="param stripe"><td>sophia</td></tr></table><p class="totop"><a href="#summary">back to summary</a></p>
<h3 id="m40">com.revature.userValidationTests#testCorrectFirstname</h3><table class="result"><tr class="param"><th>Parameter #1</th></tr><tr class="param stripe"><td>bob</td></tr></table><p class="totop"><a href="#summary">back to summary</a></p>
<h3 id="m41">com.revature.userValidationTests#testCorrectFirstname</h3><table class="result"><tr class="param"><th>Parameter #1</th></tr><tr class="param stripe"><td>john</td></tr></table><p class="totop"><a href="#summary">back to summary</a></p>
<h3 id="m42">com.revature.userValidationTests#testCorrectFirstname</h3><table class="result"><tr class="param"><th>Parameter #1</th></tr><tr class="param stripe"><td>emdallaskd</td></tr></table><p class="totop"><a href="#summary">back to summary</a></p>
<h3 id="m43">com.revature.userValidationTests#testCorrectLastname</h3><table class="result"><tr class="param"><th>Parameter #1</th></tr><tr class="param stripe"><td>modesto</td></tr></table><p class="totop"><a href="#summary">back to summary</a></p>
<h3 id="m44">com.revature.userValidationTests#testCorrectLastname</h3><table class="result"><tr class="param"><th>Parameter #1</th></tr><tr class="param stripe"><td>emdallaskd</td></tr></table><p class="totop"><a href="#summary">back to summary</a></p>
<h3 id="m45">com.revature.userValidationTests#testCorrectLastname</h3><table class="result"><tr class="param"><th>Parameter #1</th></tr><tr class="param stripe"><td>bbbbbbbb</td></tr></table><p class="totop"><a href="#summary">back to summary</a></p>
<h3 id="m46">com.revature.userValidationTests#testCorrectLastname</h3><table class="result"><tr class="param"><th>Parameter #1</th></tr><tr class="param stripe"><td>john</td></tr></table><p class="totop"><a href="#summary">back to summary</a></p>
<h3 id="m47">com.revature.userValidationTests#testCorrectLastname</h3><table class="result"><tr class="param"><th>Parameter #1</th></tr><tr class="param stripe"><td>bob</td></tr></table><p class="totop"><a href="#summary">back to summary</a></p>
<h3 id="m48">com.revature.userValidationTests#testCorrectLastname</h3><table class="result"><tr class="param"><th>Parameter #1</th></tr><tr class="param stripe"><td>omar</td></tr></table><p class="totop"><a href="#summary">back to summary</a></p>
<h3 id="m49">com.revature.userValidationTests#testCorrectLastname</h3><table class="result"><tr class="param"><th>Parameter #1</th></tr><tr class="param stripe"><td>sophia</td></tr></table><p class="totop"><a href="#summary">back to summary</a></p>
<h3 id="m50">com.revature.userValidationTests#testCorrectLastname</h3><table class="result"><tr class="param"><th>Parameter #1</th></tr><tr class="param stripe"><td>joe</td></tr></table><p class="totop"><a href="#summary">back to summary</a></p>
<h3 id="m51">com.revature.userValidationTests#testCorrectPassword</h3><table class="result"><tr class="param"><th>Parameter #1</th></tr><tr class="param stripe"><td>insecure</td></tr></table><p class="totop"><a href="#summary">back to summary</a></p>
<h3 id="m52">com.revature.userValidationTests#testCorrectPassword</h3><table class="result"><tr class="param"><th>Parameter #1</th></tr><tr class="param stripe"><td>password</td></tr></table><p class="totop"><a href="#summary">back to summary</a></p>
<h3 id="m53">com.revature.userValidationTests#testCorrectPassword</h3><table class="result"><tr class="param"><th>Parameter #1</th></tr><tr class="param stripe"><td>password123</td></tr></table><p class="totop"><a href="#summary">back to summary</a></p>
<h3 id="m54">com.revature.userValidationTests#testCorrectPassword</h3><table class="result"><tr class="param"><th>Parameter #1</th></tr><tr class="param stripe"><td>iamapassword</td></tr></table><p class="totop"><a href="#summary">back to summary</a></p>
<h3 id="m55">com.revature.userValidationTests#testCorrectPhone</h3><table class="result"><tr class="param"><th>Parameter #1</th></tr><tr class="param stripe"><td>2021112222</td></tr></table><p class="totop"><a href="#summary">back to summary</a></p>
<h3 id="m56">com.revature.userValidationTests#testCorrectPhone</h3><table class="result"><tr class="param"><th>Parameter #1</th></tr><tr class="param stripe"><td>5555555555</td></tr></table><p class="totop"><a href="#summary">back to summary</a></p>
<h3 id="m57">com.revature.userValidationTests#testCorrectPhone</h3><table class="result"><tr class="param"><th>Parameter #1</th></tr><tr class="param stripe"><td>1234567890</td></tr></table><p class="totop"><a href="#summary">back to summary</a></p>
<h3 id="m58">com.revature.userValidationTests#testCorrectPhone</h3><table class="result"><tr class="param"><th>Parameter #1</th></tr><tr class="param stripe"><td>0123456789</td></tr></table><p class="totop"><a href="#summary">back to summary</a></p>
<h3 id="m59">com.revature.userValidationTests#testCorrectUsername</h3><table class="result"><tr class="param"><th>Parameter #1</th></tr><tr class="param stripe"><td>bob</td></tr></table><p class="totop"><a href="#summary">back to summary</a></p>
<h3 id="m60">com.revature.userValidationTests#testCorrectUsername</h3><table class="result"><tr class="param"><th>Parameter #1</th></tr><tr class="param stripe"><td>twitter9000</td></tr></table><p class="totop"><a href="#summary">back to summary</a></p>
<h3 id="m61">com.revature.userValidationTests#testCorrectUsername</h3><table class="result"><tr class="param"><th>Parameter #1</th></tr><tr class="param stripe"><td>jimmothy999</td></tr></table><p class="totop"><a href="#summary">back to summary</a></p>
<h3 id="m62">com.revature.userValidationTests#testCorrectUsername</h3><table class="result"><tr class="param"><th>Parameter #1</th></tr><tr class="param stripe"><td>smith</td></tr></table><p class="totop"><a href="#summary">back to summary</a></p>
<h3 id="m63">com.revature.userValidationTests#testIncorrectPhone</h3><table class="result"><tr class="param"><th>Parameter #1</th></tr><tr class="param stripe"><td>-----</td></tr></table><p class="totop"><a href="#summary">back to summary</a></p>
<h3 id="m64">com.revature.userValidationTests#testIncorrectPhone</h3><table class="result"><tr class="param"><th>Parameter #1</th></tr><tr class="param stripe"><td>12345678</td></tr></table><p class="totop"><a href="#summary">back to summary</a></p>
<h3 id="m65">com.revature.userValidationTests#testIncorrectPhone</h3><table class="result"><tr class="param"><th>Parameter #1</th></tr><tr class="param stripe"><td>abc</td></tr></table><p class="totop"><a href="#summary">back to summary</a></p>
<h3 id="m66">com.revature.userValidationTests#testIncorrectPhone</h3><table class="result"><tr class="param"><th>Parameter #1</th></tr><tr class="param stripe"><td>0123456789111</td></tr></table><p class="totop"><a href="#summary">back to summary</a></p>
<h3 id="m67">com.revature.userValidationTests#testIncorrectPhone</h3><table class="result"><tr class="param"><th>Parameter #1</th></tr><tr class="param stripe"><td>55</td></tr></table><p class="totop"><a href="#summary">back to summary</a></p>
<h3 id="m68">com.revature.userValidationTests#testIncorrectPhone</h3><table class="result"><tr class="param"><th>Parameter #1</th></tr><tr class="param stripe"><td>555555555</td></tr></table><p class="totop"><a href="#summary">back to summary</a></p>
<h3 id="m69">com.revature.userValidationTests#testIncorrectPhone</h3><table class="result"><tr class="param"><th>Parameter #1</th></tr><tr class="param stripe"><td>20211122221</td></tr></table><p class="totop"><a href="#summary">back to summary</a></p>
<h3 id="m70">com.revature.userValidationTests#testIncorrectPhone</h3><table class="result"><tr class="param"><th>Parameter #1</th></tr><tr class="param stripe"><td>2</td></tr></table><p class="totop"><a href="#summary">back to summary</a></p>
</body>
</html>
